Analysis & Synthesis report for multiplier
Sun Jan 11 08:45:17 2026
Quartus Prime Version 20.1.0 Build 711 06/05/2020 SJ Lite Edition


---------------------
; Table of Contents ;
---------------------
  1. Legal Notice
  2. Analysis & Synthesis Summary
  3. Analysis & Synthesis Settings
  4. Parallel Compilation
  5. Analysis & Synthesis Source Files Read
  6. Analysis & Synthesis Resource Usage Summary
  7. Analysis & Synthesis Resource Utilization by Entity
  8. General Register Statistics
  9. Parameter Settings for User Entity Instance: Top-level Entity: |clk_mult
 10. Parameter Settings for User Entity Instance: multiplier:clk_mult
 11. Parameter Settings for User Entity Instance: multiplier:clk_mult|CRA:ROWS[0].row
 12. Parameter Settings for User Entity Instance: multiplier:clk_mult|CRA:ROWS[1].row
 13. Parameter Settings for User Entity Instance: multiplier:clk_mult|CRA:ROWS[2].row
 14. Parameter Settings for User Entity Instance: multiplier:clk_mult|CRA:ROWS[3].row
 15. Parameter Settings for User Entity Instance: multiplier:clk_mult|CRA:ROWS[4].row
 16. Parameter Settings for User Entity Instance: multiplier:clk_mult|CRA:ROWS[5].row
 17. Parameter Settings for User Entity Instance: multiplier:clk_mult|CRA:ROWS[6].row
 18. Parameter Settings for User Entity Instance: multiplier:clk_mult|CRA:ROWS[7].row
 19. Port Connectivity Checks: "multiplier:clk_mult|CRA:ROWS[7].row"
 20. Port Connectivity Checks: "multiplier:clk_mult|CRA:ROWS[6].row"
 21. Port Connectivity Checks: "multiplier:clk_mult|CRA:ROWS[5].row"
 22. Port Connectivity Checks: "multiplier:clk_mult|CRA:ROWS[4].row"
 23. Port Connectivity Checks: "multiplier:clk_mult|CRA:ROWS[3].row"
 24. Port Connectivity Checks: "multiplier:clk_mult|CRA:ROWS[2].row"
 25. Port Connectivity Checks: "multiplier:clk_mult|CRA:ROWS[1].row"
 26. Port Connectivity Checks: "multiplier:clk_mult|CRA:ROWS[0].row"
 27. Post-Synthesis Netlist Statistics for Top Partition
 28. Elapsed Time Per Partition
 29. Analysis & Synthesis Messages



----------------
; Legal Notice ;
----------------
Copyright (C) 2020  Intel Corporation. All rights reserved.
Your use of Intel Corporation's design tools, logic functions 
and other software and tools, and any partner logic 
functions, and any output files from any of the foregoing 
(including device programming or simulation files), and any 
associated documentation or information are expressly subject 
to the terms and conditions of the Intel Program License 
Subscription Agreement, the Intel Quartus Prime License Agreement,
the Intel FPGA IP License Agreement, or other applicable license
agreement, including, without limitation, that your use is for
the sole purpose of programming logic devices manufactured by
Intel and sold by Intel or its authorized distributors.  Please
refer to the applicable agreement for further details, at
https://fpgasoftware.intel.com/eula.



+-------------------------------------------------------------------------------+
; Analysis & Synthesis Summary                                                  ;
+---------------------------------+---------------------------------------------+
; Analysis & Synthesis Status     ; Successful - Sun Jan 11 08:45:17 2026       ;
; Quartus Prime Version           ; 20.1.0 Build 711 06/05/2020 SJ Lite Edition ;
; Revision Name                   ; multiplier                                  ;
; Top-level Entity Name           ; clk_mult                                    ;
; Family                          ; Cyclone V                                   ;
; Logic utilization (in ALMs)     ; N/A                                         ;
; Total registers                 ; 32                                          ;
; Total pins                      ; 34                                          ;
; Total virtual pins              ; 0                                           ;
; Total block memory bits         ; 0                                           ;
; Total DSP Blocks                ; 0                                           ;
; Total HSSI RX PCSs              ; 0                                           ;
; Total HSSI PMA RX Deserializers ; 0                                           ;
; Total HSSI TX PCSs              ; 0                                           ;
; Total HSSI PMA TX Serializers   ; 0                                           ;
; Total PLLs                      ; 0                                           ;
; Total DLLs                      ; 0                                           ;
+---------------------------------+---------------------------------------------+


+---------------------------------------------------------------------------------------------------------------------------+
; Analysis & Synthesis Settings                                                                                             ;
+---------------------------------------------------------------------------------+--------------------+--------------------+
; Option                                                                          ; Setting            ; Default Value      ;
+---------------------------------------------------------------------------------+--------------------+--------------------+
; Device                                                                          ; 5CGXFC7C7F23C8     ;                    ;
; Top-level entity name                                                           ; clk_mult           ; multiplier         ;
; Family name                                                                     ; Cyclone V          ; Cyclone V          ;
; Use smart compilation                                                           ; Off                ; Off                ;
; Enable parallel Assembler and Timing Analyzer during compilation                ; On                 ; On                 ;
; Enable compact report table                                                     ; Off                ; Off                ;
; Restructure Multiplexers                                                        ; Auto               ; Auto               ;
; MLAB Add Timing Constraints For Mixed-Port Feed-Through Mode Setting Don't Care ; Off                ; Off                ;
; Create Debugging Nodes for IP Cores                                             ; Off                ; Off                ;
; Preserve fewer node names                                                       ; On                 ; On                 ;
; Intel FPGA IP Evaluation Mode                                                   ; Enable             ; Enable             ;
; Verilog Version                                                                 ; Verilog_2001       ; Verilog_2001       ;
; VHDL Version                                                                    ; VHDL_1993          ; VHDL_1993          ;
; State Machine Processing                                                        ; Auto               ; Auto               ;
; Safe State Machine                                                              ; Off                ; Off                ;
; Extract Verilog State Machines                                                  ; On                 ; On                 ;
; Extract VHDL State Machines                                                     ; On                 ; On                 ;
; Ignore Verilog initial constructs                                               ; Off                ; Off                ;
; Iteration limit for constant Verilog loops                                      ; 5000               ; 5000               ;
; Iteration limit for non-constant Verilog loops                                  ; 250                ; 250                ;
; Add Pass-Through Logic to Inferred RAMs                                         ; On                 ; On                 ;
; Infer RAMs from Raw Logic                                                       ; On                 ; On                 ;
; Parallel Synthesis                                                              ; On                 ; On                 ;
; DSP Block Balancing                                                             ; Auto               ; Auto               ;
; NOT Gate Push-Back                                                              ; On                 ; On                 ;
; Power-Up Don't Care                                                             ; On                 ; On                 ;
; Remove Redundant Logic Cells                                                    ; Off                ; Off                ;
; Remove Duplicate Registers                                                      ; On                 ; On                 ;
; Ignore CARRY Buffers                                                            ; Off                ; Off                ;
; Ignore CASCADE Buffers                                                          ; Off                ; Off                ;
; Ignore GLOBAL Buffers                                                           ; Off                ; Off                ;
; Ignore ROW GLOBAL Buffers                                                       ; Off                ; Off                ;
; Ignore LCELL Buffers                                                            ; Off                ; Off                ;
; Ignore SOFT Buffers                                                             ; On                 ; On                 ;
; Limit AHDL Integers to 32 Bits                                                  ; Off                ; Off                ;
; Optimization Technique                                                          ; Balanced           ; Balanced           ;
; Carry Chain Length                                                              ; 70                 ; 70                 ;
; Auto Carry Chains                                                               ; On                 ; On                 ;
; Auto Open-Drain Pins                                                            ; On                 ; On                 ;
; Perform WYSIWYG Primitive Resynthesis                                           ; Off                ; Off                ;
; Auto ROM Replacement                                                            ; On                 ; On                 ;
; Auto RAM Replacement                                                            ; On                 ; On                 ;
; Auto DSP Block Replacement                                                      ; On                 ; On                 ;
; Auto Shift Register Replacement                                                 ; Auto               ; Auto               ;
; Allow Shift Register Merging across Hierarchies                                 ; Auto               ; Auto               ;
; Auto Clock Enable Replacement                                                   ; On                 ; On                 ;
; Strict RAM Replacement                                                          ; Off                ; Off                ;
; Allow Synchronous Control Signals                                               ; On                 ; On                 ;
; Force Use of Synchronous Clear Signals                                          ; Off                ; Off                ;
; Auto Resource Sharing                                                           ; Off                ; Off                ;
; Allow Any RAM Size For Recognition                                              ; Off                ; Off                ;
; Allow Any ROM Size For Recognition                                              ; Off                ; Off                ;
; Allow Any Shift Register Size For Recognition                                   ; Off                ; Off                ;
; Use LogicLock Constraints during Resource Balancing                             ; On                 ; On                 ;
; Ignore translate_off and synthesis_off directives                               ; Off                ; Off                ;
; Timing-Driven Synthesis                                                         ; On                 ; On                 ;
; Report Parameter Settings                                                       ; On                 ; On                 ;
; Report Source Assignments                                                       ; On                 ; On                 ;
; Report Connectivity Checks                                                      ; On                 ; On                 ;
; Ignore Maximum Fan-Out Assignments                                              ; Off                ; Off                ;
; Synchronization Register Chain Length                                           ; 3                  ; 3                  ;
; Power Optimization During Synthesis                                             ; Normal compilation ; Normal compilation ;
; HDL message level                                                               ; Level2             ; Level2             ;
; Suppress Register Optimization Related Messages                                 ; Off                ; Off                ;
; Number of Removed Registers Reported in Synthesis Report                        ; 5000               ; 5000               ;
; Number of Swept Nodes Reported in Synthesis Report                              ; 5000               ; 5000               ;
; Number of Inverted Registers Reported in Synthesis Report                       ; 100                ; 100                ;
; Clock MUX Protection                                                            ; On                 ; On                 ;
; Auto Gated Clock Conversion                                                     ; Off                ; Off                ;
; Block Design Naming                                                             ; Auto               ; Auto               ;
; SDC constraint protection                                                       ; Off                ; Off                ;
; Synthesis Effort                                                                ; Auto               ; Auto               ;
; Shift Register Replacement - Allow Asynchronous Clear Signal                    ; On                 ; On                 ;
; Pre-Mapping Resynthesis Optimization                                            ; Off                ; Off                ;
; Analysis & Synthesis Message Level                                              ; Medium             ; Medium             ;
; Disable Register Merging Across Hierarchies                                     ; Auto               ; Auto               ;
; Resource Aware Inference For Block RAM                                          ; On                 ; On                 ;
; Automatic Parallel Synthesis                                                    ; On                 ; On                 ;
; Partial Reconfiguration Bitstream ID                                            ; Off                ; Off                ;
+---------------------------------------------------------------------------------+--------------------+--------------------+


+------------------------------------------+
; Parallel Compilation                     ;
+----------------------------+-------------+
; Processors                 ; Number      ;
+----------------------------+-------------+
; Number detected on machine ; 4           ;
; Maximum allowed            ; 2           ;
;                            ;             ;
; Average used               ; 1.00        ;
; Maximum used               ; 2           ;
;                            ;             ;
; Usage by Processor         ; % Time Used ;
;     Processor 1            ; 100.0%      ;
;     Processor 2            ;   0.0%      ;
+----------------------------+-------------+


+----------------------------------------------------------------------------------------------------------------------------------------------------------+
; Analysis & Synthesis Source Files Read                                                                                                                   ;
+----------------------------------+-----------------+------------------------------+------------------------------------------------------------+---------+
; File Name with User-Entered Path ; Used in Netlist ; File Type                    ; File Name with Absolute Path                               ; Library ;
+----------------------------------+-----------------+------------------------------+------------------------------------------------------------+---------+
; CRA.sv                           ; yes             ; User SystemVerilog HDL File  ; C:/Users/Public/XCELLERIUM/VECTOR MULTIPLIER/CRA.sv        ;         ;
; FA.sv                            ; yes             ; User SystemVerilog HDL File  ; C:/Users/Public/XCELLERIUM/VECTOR MULTIPLIER/FA.sv         ;         ;
; multiplier.sv                    ; yes             ; User SystemVerilog HDL File  ; C:/Users/Public/XCELLERIUM/VECTOR MULTIPLIER/multiplier.sv ;         ;
; clk_mult.sv                      ; yes             ; User SystemVerilog HDL File  ; C:/Users/Public/XCELLERIUM/VECTOR MULTIPLIER/clk_mult.sv   ;         ;
+----------------------------------+-----------------+------------------------------+------------------------------------------------------------+---------+


+---------------------------------------------------------+
; Analysis & Synthesis Resource Usage Summary             ;
+---------------------------------------------+-----------+
; Resource                                    ; Usage     ;
+---------------------------------------------+-----------+
; Estimate of Logic utilization (ALMs needed) ; 95        ;
;                                             ;           ;
; Combinational ALUT usage for logic          ; 139       ;
;     -- 7 input functions                    ; 1         ;
;     -- 6 input functions                    ; 47        ;
;     -- 5 input functions                    ; 25        ;
;     -- 4 input functions                    ; 9         ;
;     -- <=3 input functions                  ; 57        ;
;                                             ;           ;
; Dedicated logic registers                   ; 32        ;
;                                             ;           ;
; I/O pins                                    ; 34        ;
;                                             ;           ;
; Total DSP Blocks                            ; 0         ;
;                                             ;           ;
; Maximum fan-out node                        ; buff_a[0] ;
; Maximum fan-out                             ; 32        ;
; Total fan-out                               ; 726       ;
; Average fan-out                             ; 3.04      ;
+---------------------------------------------+-----------+


+----------------------------------------------------------------------------------------------------------------------------------------------------------------------------------------------------------------------------------+
; Analysis & Synthesis Resource Utilization by Entity                                                                                                                                                                              ;
+----------------------------+---------------------+---------------------------+-------------------+------------+------+--------------+---------------------------------------------------------------+-------------+--------------+
; Compilation Hierarchy Node ; Combinational ALUTs ; Dedicated Logic Registers ; Block Memory Bits ; DSP Blocks ; Pins ; Virtual Pins ; Full Hierarchy Name                                           ; Entity Name ; Library Name ;
+----------------------------+---------------------+---------------------------+-------------------+------------+------+--------------+---------------------------------------------------------------+-------------+--------------+
; |clk_mult                  ; 139 (0)             ; 32 (32)                   ; 0                 ; 0          ; 34   ; 0            ; |clk_mult                                                     ; multiplier  ; work         ;
;    |multiplier:clk_mult|   ; 139 (0)             ; 0 (0)                     ; 0                 ; 0          ; 0    ; 0            ; |clk_mult|multiplier:clk_mult                                 ; multiplier  ; work         ;
;       |CRA:ROWS[0].row|    ; 2 (0)               ; 0 (0)                     ; 0                 ; 0          ; 0    ; 0            ; |clk_mult|multiplier:clk_mult|CRA:ROWS[0].row                 ; CRA         ; work         ;
;          |FA:FA_ROW[0].fa| ; 1 (1)               ; 0 (0)                     ; 0                 ; 0          ; 0    ; 0            ; |clk_mult|multiplier:clk_mult|CRA:ROWS[0].row|FA:FA_ROW[0].fa ; FA          ; work         ;
;          |FA:FA_ROW[7].fa| ; 1 (1)               ; 0 (0)                     ; 0                 ; 0          ; 0    ; 0            ; |clk_mult|multiplier:clk_mult|CRA:ROWS[0].row|FA:FA_ROW[7].fa ; FA          ; work         ;
;       |CRA:ROWS[1].row|    ; 18 (0)              ; 0 (0)                     ; 0                 ; 0          ; 0    ; 0            ; |clk_mult|multiplier:clk_mult|CRA:ROWS[1].row                 ; CRA         ; work         ;
;          |FA:FA_ROW[0].fa| ; 1 (1)               ; 0 (0)                     ; 0                 ; 0          ; 0    ; 0            ; |clk_mult|multiplier:clk_mult|CRA:ROWS[1].row|FA:FA_ROW[0].fa ; FA          ; work         ;
;          |FA:FA_ROW[1].fa| ; 1 (1)               ; 0 (0)                     ; 0                 ; 0          ; 0    ; 0            ; |clk_mult|multiplier:clk_mult|CRA:ROWS[1].row|FA:FA_ROW[1].fa ; FA          ; work         ;
;          |FA:FA_ROW[2].fa| ; 2 (2)               ; 0 (0)                     ; 0                 ; 0          ; 0    ; 0            ; |clk_mult|multiplier:clk_mult|CRA:ROWS[1].row|FA:FA_ROW[2].fa ; FA          ; work         ;
;          |FA:FA_ROW[3].fa| ; 1 (1)               ; 0 (0)                     ; 0                 ; 0          ; 0    ; 0            ; |clk_mult|multiplier:clk_mult|CRA:ROWS[1].row|FA:FA_ROW[3].fa ; FA          ; work         ;
;          |FA:FA_ROW[4].fa| ; 2 (2)               ; 0 (0)                     ; 0                 ; 0          ; 0    ; 0            ; |clk_mult|multiplier:clk_mult|CRA:ROWS[1].row|FA:FA_ROW[4].fa ; FA          ; work         ;
;          |FA:FA_ROW[5].fa| ; 5 (5)               ; 0 (0)                     ; 0                 ; 0          ; 0    ; 0            ; |clk_mult|multiplier:clk_mult|CRA:ROWS[1].row|FA:FA_ROW[5].fa ; FA          ; work         ;
;          |FA:FA_ROW[6].fa| ; 3 (3)               ; 0 (0)                     ; 0                 ; 0          ; 0    ; 0            ; |clk_mult|multiplier:clk_mult|CRA:ROWS[1].row|FA:FA_ROW[6].fa ; FA          ; work         ;
;          |FA:FA_ROW[7].fa| ; 3 (3)               ; 0 (0)                     ; 0                 ; 0          ; 0    ; 0            ; |clk_mult|multiplier:clk_mult|CRA:ROWS[1].row|FA:FA_ROW[7].fa ; FA          ; work         ;
;       |CRA:ROWS[2].row|    ; 24 (0)              ; 0 (0)                     ; 0                 ; 0          ; 0    ; 0            ; |clk_mult|multiplier:clk_mult|CRA:ROWS[2].row                 ; CRA         ; work         ;
;          |FA:FA_ROW[0].fa| ; 1 (1)               ; 0 (0)                     ; 0                 ; 0          ; 0    ; 0            ; |clk_mult|multiplier:clk_mult|CRA:ROWS[2].row|FA:FA_ROW[0].fa ; FA          ; work         ;
;          |FA:FA_ROW[1].fa| ; 3 (3)               ; 0 (0)                     ; 0                 ; 0          ; 0    ; 0            ; |clk_mult|multiplier:clk_mult|CRA:ROWS[2].row|FA:FA_ROW[1].fa ; FA          ; work         ;
;          |FA:FA_ROW[2].fa| ; 5 (5)               ; 0 (0)                     ; 0                 ; 0          ; 0    ; 0            ; |clk_mult|multiplier:clk_mult|CRA:ROWS[2].row|FA:FA_ROW[2].fa ; FA          ; work         ;
;          |FA:FA_ROW[3].fa| ; 3 (3)               ; 0 (0)                     ; 0                 ; 0          ; 0    ; 0            ; |clk_mult|multiplier:clk_mult|CRA:ROWS[2].row|FA:FA_ROW[3].fa ; FA          ; work         ;
;          |FA:FA_ROW[4].fa| ; 3 (3)               ; 0 (0)                     ; 0                 ; 0          ; 0    ; 0            ; |clk_mult|multiplier:clk_mult|CRA:ROWS[2].row|FA:FA_ROW[4].fa ; FA          ; work         ;
;          |FA:FA_ROW[5].fa| ; 3 (3)               ; 0 (0)                     ; 0                 ; 0          ; 0    ; 0            ; |clk_mult|multiplier:clk_mult|CRA:ROWS[2].row|FA:FA_ROW[5].fa ; FA          ; work         ;
;          |FA:FA_ROW[6].fa| ; 3 (3)               ; 0 (0)                     ; 0                 ; 0          ; 0    ; 0            ; |clk_mult|multiplier:clk_mult|CRA:ROWS[2].row|FA:FA_ROW[6].fa ; FA          ; work         ;
;          |FA:FA_ROW[7].fa| ; 3 (3)               ; 0 (0)                     ; 0                 ; 0          ; 0    ; 0            ; |clk_mult|multiplier:clk_mult|CRA:ROWS[2].row|FA:FA_ROW[7].fa ; FA          ; work         ;
;       |CRA:ROWS[3].row|    ; 21 (0)              ; 0 (0)                     ; 0                 ; 0          ; 0    ; 0            ; |clk_mult|multiplier:clk_mult|CRA:ROWS[3].row                 ; CRA         ; work         ;
;          |FA:FA_ROW[0].fa| ; 1 (1)               ; 0 (0)                     ; 0                 ; 0          ; 0    ; 0            ; |clk_mult|multiplier:clk_mult|CRA:ROWS[3].row|FA:FA_ROW[0].fa ; FA          ; work         ;
;          |FA:FA_ROW[1].fa| ; 3 (3)               ; 0 (0)                     ; 0                 ; 0          ; 0    ; 0            ; |clk_mult|multiplier:clk_mult|CRA:ROWS[3].row|FA:FA_ROW[1].fa ; FA          ; work         ;
;          |FA:FA_ROW[2].fa| ; 3 (3)               ; 0 (0)                     ; 0                 ; 0          ; 0    ; 0            ; |clk_mult|multiplier:clk_mult|CRA:ROWS[3].row|FA:FA_ROW[2].fa ; FA          ; work         ;
;          |FA:FA_ROW[3].fa| ; 2 (2)               ; 0 (0)                     ; 0                 ; 0          ; 0    ; 0            ; |clk_mult|multiplier:clk_mult|CRA:ROWS[3].row|FA:FA_ROW[3].fa ; FA          ; work         ;
;          |FA:FA_ROW[4].fa| ; 3 (3)               ; 0 (0)                     ; 0                 ; 0          ; 0    ; 0            ; |clk_mult|multiplier:clk_mult|CRA:ROWS[3].row|FA:FA_ROW[4].fa ; FA          ; work         ;
;          |FA:FA_ROW[5].fa| ; 2 (2)               ; 0 (0)                     ; 0                 ; 0          ; 0    ; 0            ; |clk_mult|multiplier:clk_mult|CRA:ROWS[3].row|FA:FA_ROW[5].fa ; FA          ; work         ;
;          |FA:FA_ROW[6].fa| ; 3 (3)               ; 0 (0)                     ; 0                 ; 0          ; 0    ; 0            ; |clk_mult|multiplier:clk_mult|CRA:ROWS[3].row|FA:FA_ROW[6].fa ; FA          ; work         ;
;          |FA:FA_ROW[7].fa| ; 4 (4)               ; 0 (0)                     ; 0                 ; 0          ; 0    ; 0            ; |clk_mult|multiplier:clk_mult|CRA:ROWS[3].row|FA:FA_ROW[7].fa ; FA          ; work         ;
;       |CRA:ROWS[4].row|    ; 21 (0)              ; 0 (0)                     ; 0                 ; 0          ; 0    ; 0            ; |clk_mult|multiplier:clk_mult|CRA:ROWS[4].row                 ; CRA         ; work         ;
;          |FA:FA_ROW[0].fa| ; 1 (1)               ; 0 (0)                     ; 0                 ; 0          ; 0    ; 0            ; |clk_mult|multiplier:clk_mult|CRA:ROWS[4].row|FA:FA_ROW[0].fa ; FA          ; work         ;
;          |FA:FA_ROW[1].fa| ; 4 (4)               ; 0 (0)                     ; 0                 ; 0          ; 0    ; 0            ; |clk_mult|multiplier:clk_mult|CRA:ROWS[4].row|FA:FA_ROW[1].fa ; FA          ; work         ;
;          |FA:FA_ROW[2].fa| ; 3 (3)               ; 0 (0)                     ; 0                 ; 0          ; 0    ; 0            ; |clk_mult|multiplier:clk_mult|CRA:ROWS[4].row|FA:FA_ROW[2].fa ; FA          ; work         ;
;          |FA:FA_ROW[3].fa| ; 2 (2)               ; 0 (0)                     ; 0                 ; 0          ; 0    ; 0            ; |clk_mult|multiplier:clk_mult|CRA:ROWS[4].row|FA:FA_ROW[3].fa ; FA          ; work         ;
;          |FA:FA_ROW[4].fa| ; 3 (3)               ; 0 (0)                     ; 0                 ; 0          ; 0    ; 0            ; |clk_mult|multiplier:clk_mult|CRA:ROWS[4].row|FA:FA_ROW[4].fa ; FA          ; work         ;
;          |FA:FA_ROW[5].fa| ; 3 (3)               ; 0 (0)                     ; 0                 ; 0          ; 0    ; 0            ; |clk_mult|multiplier:clk_mult|CRA:ROWS[4].row|FA:FA_ROW[5].fa ; FA          ; work         ;
;          |FA:FA_ROW[6].fa| ; 2 (2)               ; 0 (0)                     ; 0                 ; 0          ; 0    ; 0            ; |clk_mult|multiplier:clk_mult|CRA:ROWS[4].row|FA:FA_ROW[6].fa ; FA          ; work         ;
;          |FA:FA_ROW[7].fa| ; 3 (3)               ; 0 (0)                     ; 0                 ; 0          ; 0    ; 0            ; |clk_mult|multiplier:clk_mult|CRA:ROWS[4].row|FA:FA_ROW[7].fa ; FA          ; work         ;
;       |CRA:ROWS[5].row|    ; 18 (0)              ; 0 (0)                     ; 0                 ; 0          ; 0    ; 0            ; |clk_mult|multiplier:clk_mult|CRA:ROWS[5].row                 ; CRA         ; work         ;
;          |FA:FA_ROW[0].fa| ; 1 (1)               ; 0 (0)                     ; 0                 ; 0          ; 0    ; 0            ; |clk_mult|multiplier:clk_mult|CRA:ROWS[5].row|FA:FA_ROW[0].fa ; FA          ; work         ;
;          |FA:FA_ROW[1].fa| ; 2 (2)               ; 0 (0)                     ; 0                 ; 0          ; 0    ; 0            ; |clk_mult|multiplier:clk_mult|CRA:ROWS[5].row|FA:FA_ROW[1].fa ; FA          ; work         ;
;          |FA:FA_ROW[2].fa| ; 2 (2)               ; 0 (0)                     ; 0                 ; 0          ; 0    ; 0            ; |clk_mult|multiplier:clk_mult|CRA:ROWS[5].row|FA:FA_ROW[2].fa ; FA          ; work         ;
;          |FA:FA_ROW[3].fa| ; 3 (3)               ; 0 (0)                     ; 0                 ; 0          ; 0    ; 0            ; |clk_mult|multiplier:clk_mult|CRA:ROWS[5].row|FA:FA_ROW[3].fa ; FA          ; work         ;
;          |FA:FA_ROW[4].fa| ; 2 (2)               ; 0 (0)                     ; 0                 ; 0          ; 0    ; 0            ; |clk_mult|multiplier:clk_mult|CRA:ROWS[5].row|FA:FA_ROW[4].fa ; FA          ; work         ;
;          |FA:FA_ROW[5].fa| ; 3 (3)               ; 0 (0)                     ; 0                 ; 0          ; 0    ; 0            ; |clk_mult|multiplier:clk_mult|CRA:ROWS[5].row|FA:FA_ROW[5].fa ; FA          ; work         ;
;          |FA:FA_ROW[6].fa| ; 3 (3)               ; 0 (0)                     ; 0                 ; 0          ; 0    ; 0            ; |clk_mult|multiplier:clk_mult|CRA:ROWS[5].row|FA:FA_ROW[6].fa ; FA          ; work         ;
;          |FA:FA_ROW[7].fa| ; 2 (2)               ; 0 (0)                     ; 0                 ; 0          ; 0    ; 0            ; |clk_mult|multiplier:clk_mult|CRA:ROWS[5].row|FA:FA_ROW[7].fa ; FA          ; work         ;
;       |CRA:ROWS[6].row|    ; 17 (0)              ; 0 (0)                     ; 0                 ; 0          ; 0    ; 0            ; |clk_mult|multiplier:clk_mult|CRA:ROWS[6].row                 ; CRA         ; work         ;
;          |FA:FA_ROW[0].fa| ; 1 (1)               ; 0 (0)                     ; 0                 ; 0          ; 0    ; 0            ; |clk_mult|multiplier:clk_mult|CRA:ROWS[6].row|FA:FA_ROW[0].fa ; FA          ; work         ;
;          |FA:FA_ROW[1].fa| ; 2 (2)               ; 0 (0)                     ; 0                 ; 0          ; 0    ; 0            ; |clk_mult|multiplier:clk_mult|CRA:ROWS[6].row|FA:FA_ROW[1].fa ; FA          ; work         ;
;          |FA:FA_ROW[2].fa| ; 2 (2)               ; 0 (0)                     ; 0                 ; 0          ; 0    ; 0            ; |clk_mult|multiplier:clk_mult|CRA:ROWS[6].row|FA:FA_ROW[2].fa ; FA          ; work         ;
;          |FA:FA_ROW[3].fa| ; 3 (3)               ; 0 (0)                     ; 0                 ; 0          ; 0    ; 0            ; |clk_mult|multiplier:clk_mult|CRA:ROWS[6].row|FA:FA_ROW[3].fa ; FA          ; work         ;
;          |FA:FA_ROW[4].fa| ; 2 (2)               ; 0 (0)                     ; 0                 ; 0          ; 0    ; 0            ; |clk_mult|multiplier:clk_mult|CRA:ROWS[6].row|FA:FA_ROW[4].fa ; FA          ; work         ;
;          |FA:FA_ROW[5].fa| ; 3 (3)               ; 0 (0)                     ; 0                 ; 0          ; 0    ; 0            ; |clk_mult|multiplier:clk_mult|CRA:ROWS[6].row|FA:FA_ROW[5].fa ; FA          ; work         ;
;          |FA:FA_ROW[6].fa| ; 3 (3)               ; 0 (0)                     ; 0                 ; 0          ; 0    ; 0            ; |clk_mult|multiplier:clk_mult|CRA:ROWS[6].row|FA:FA_ROW[6].fa ; FA          ; work         ;
;          |FA:FA_ROW[7].fa| ; 1 (1)               ; 0 (0)                     ; 0                 ; 0          ; 0    ; 0            ; |clk_mult|multiplier:clk_mult|CRA:ROWS[6].row|FA:FA_ROW[7].fa ; FA          ; work         ;
;       |CRA:ROWS[7].row|    ; 18 (0)              ; 0 (0)                     ; 0                 ; 0          ; 0    ; 0            ; |clk_mult|multiplier:clk_mult|CRA:ROWS[7].row                 ; CRA         ; work         ;
;          |FA:FA_ROW[0].fa| ; 1 (1)               ; 0 (0)                     ; 0                 ; 0          ; 0    ; 0            ; |clk_mult|multiplier:clk_mult|CRA:ROWS[7].row|FA:FA_ROW[0].fa ; FA          ; work         ;
;          |FA:FA_ROW[1].fa| ; 2 (2)               ; 0 (0)                     ; 0                 ; 0          ; 0    ; 0            ; |clk_mult|multiplier:clk_mult|CRA:ROWS[7].row|FA:FA_ROW[1].fa ; FA          ; work         ;
;          |FA:FA_ROW[2].fa| ; 2 (2)               ; 0 (0)                     ; 0                 ; 0          ; 0    ; 0            ; |clk_mult|multiplier:clk_mult|CRA:ROWS[7].row|FA:FA_ROW[2].fa ; FA          ; work         ;
;          |FA:FA_ROW[3].fa| ; 3 (3)               ; 0 (0)                     ; 0                 ; 0          ; 0    ; 0            ; |clk_mult|multiplier:clk_mult|CRA:ROWS[7].row|FA:FA_ROW[3].fa ; FA          ; work         ;
;          |FA:FA_ROW[4].fa| ; 2 (2)               ; 0 (0)                     ; 0                 ; 0          ; 0    ; 0            ; |clk_mult|multiplier:clk_mult|CRA:ROWS[7].row|FA:FA_ROW[4].fa ; FA          ; work         ;
;          |FA:FA_ROW[5].fa| ; 3 (3)               ; 0 (0)                     ; 0                 ; 0          ; 0    ; 0            ; |clk_mult|multiplier:clk_mult|CRA:ROWS[7].row|FA:FA_ROW[5].fa ; FA          ; work         ;
;          |FA:FA_ROW[6].fa| ; 2 (2)               ; 0 (0)                     ; 0                 ; 0          ; 0    ; 0            ; |clk_mult|multiplier:clk_mult|CRA:ROWS[7].row|FA:FA_ROW[6].fa ; FA          ; work         ;
;          |FA:FA_ROW[7].fa| ; 3 (3)               ; 0 (0)                     ; 0                 ; 0          ; 0    ; 0            ; |clk_mult|multiplier:clk_mult|CRA:ROWS[7].row|FA:FA_ROW[7].fa ; FA          ; work         ;
+----------------------------+---------------------+---------------------------+-------------------+------------+------+--------------+---------------------------------------------------------------+-------------+--------------+
Note: For table entries with two numbers listed, the numbers in parentheses indicate the number of resources of the given type used by the specific entity alone. The numbers listed outside of parentheses indicate the total resources of the given type used by the specific entity and all of its sub-entities in the hierarchy.


+------------------------------------------------------+
; General Register Statistics                          ;
+----------------------------------------------+-------+
; Statistic                                    ; Value ;
+----------------------------------------------+-------+
; Total registers                              ; 32    ;
; Number of registers using Synchronous Clear  ; 32    ;
; Number of registers using Synchronous Load   ; 0     ;
; Number of registers using Asynchronous Clear ; 0     ;
; Number of registers using Asynchronous Load  ; 0     ;
; Number of registers using Clock Enable       ; 0     ;
; Number of registers using Preset             ; 0     ;
+----------------------------------------------+-------+


+--------------------------------------------------------------------------+
; Parameter Settings for User Entity Instance: Top-level Entity: |clk_mult ;
+----------------+-------+-------------------------------------------------+
; Parameter Name ; Value ; Type                                            ;
+----------------+-------+-------------------------------------------------+
; N              ; 8     ; Signed Integer                                  ;
+----------------+-------+-------------------------------------------------+
Note: In order to hide this table in the UI and the text report file, please set the "Show Parameter Settings in Synthesis Report" option in "Analysis and Synthesis Settings -> More Settings" to "Off".


+------------------------------------------------------------------+
; Parameter Settings for User Entity Instance: multiplier:clk_mult ;
+----------------+-------+-----------------------------------------+
; Parameter Name ; Value ; Type                                    ;
+----------------+-------+-----------------------------------------+
; N              ; 8     ; Signed Integer                          ;
+----------------+-------+-----------------------------------------+
Note: In order to hide this table in the UI and the text report file, please set the "Show Parameter Settings in Synthesis Report" option in "Analysis and Synthesis Settings -> More Settings" to "Off".


+----------------------------------------------------------------------------------+
; Parameter Settings for User Entity Instance: multiplier:clk_mult|CRA:ROWS[0].row ;
+----------------+-------+---------------------------------------------------------+
; Parameter Name ; Value ; Type                                                    ;
+----------------+-------+---------------------------------------------------------+
; N              ; 8     ; Signed Integer                                          ;
+----------------+-------+---------------------------------------------------------+
Note: In order to hide this table in the UI and the text report file, please set the "Show Parameter Settings in Synthesis Report" option in "Analysis and Synthesis Settings -> More Settings" to "Off".


+----------------------------------------------------------------------------------+
; Parameter Settings for User Entity Instance: multiplier:clk_mult|CRA:ROWS[1].row ;
+----------------+-------+---------------------------------------------------------+
; Parameter Name ; Value ; Type                                                    ;
+----------------+-------+---------------------------------------------------------+
; N              ; 8     ; Signed Integer                                          ;
+----------------+-------+---------------------------------------------------------+
Note: In order to hide this table in the UI and the text report file, please set the "Show Parameter Settings in Synthesis Report" option in "Analysis and Synthesis Settings -> More Settings" to "Off".


+----------------------------------------------------------------------------------+
; Parameter Settings for User Entity Instance: multiplier:clk_mult|CRA:ROWS[2].row ;
+----------------+-------+---------------------------------------------------------+
; Parameter Name ; Value ; Type                                                    ;
+----------------+-------+---------------------------------------------------------+
; N              ; 8     ; Signed Integer                                          ;
+----------------+-------+---------------------------------------------------------+
Note: In order to hide this table in the UI and the text report file, please set the "Show Parameter Settings in Synthesis Report" option in "Analysis and Synthesis Settings -> More Settings" to "Off".


+----------------------------------------------------------------------------------+
; Parameter Settings for User Entity Instance: multiplier:clk_mult|CRA:ROWS[3].row ;
+----------------+-------+---------------------------------------------------------+
; Parameter Name ; Value ; Type                                                    ;
+----------------+-------+---------------------------------------------------------+
; N              ; 8     ; Signed Integer                                          ;
+----------------+-------+---------------------------------------------------------+
Note: In order to hide this table in the UI and the text report file, please set the "Show Parameter Settings in Synthesis Report" option in "Analysis and Synthesis Settings -> More Settings" to "Off".


+----------------------------------------------------------------------------------+
; Parameter Settings for User Entity Instance: multiplier:clk_mult|CRA:ROWS[4].row ;
+----------------+-------+---------------------------------------------------------+
; Parameter Name ; Value ; Type                                                    ;
+----------------+-------+---------------------------------------------------------+
; N              ; 8     ; Signed Integer                                          ;
+----------------+-------+---------------------------------------------------------+
Note: In order to hide this table in the UI and the text report file, please set the "Show Parameter Settings in Synthesis Report" option in "Analysis and Synthesis Settings -> More Settings" to "Off".


+----------------------------------------------------------------------------------+
; Parameter Settings for User Entity Instance: multiplier:clk_mult|CRA:ROWS[5].row ;
+----------------+-------+---------------------------------------------------------+
; Parameter Name ; Value ; Type                                                    ;
+----------------+-------+---------------------------------------------------------+
; N              ; 8     ; Signed Integer                                          ;
+----------------+-------+---------------------------------------------------------+
Note: In order to hide this table in the UI and the text report file, please set the "Show Parameter Settings in Synthesis Report" option in "Analysis and Synthesis Settings -> More Settings" to "Off".


+----------------------------------------------------------------------------------+
; Parameter Settings for User Entity Instance: multiplier:clk_mult|CRA:ROWS[6].row ;
+----------------+-------+---------------------------------------------------------+
; Parameter Name ; Value ; Type                                                    ;
+----------------+-------+---------------------------------------------------------+
; N              ; 8     ; Signed Integer                                          ;
+----------------+-------+---------------------------------------------------------+
Note: In order to hide this table in the UI and the text report file, please set the "Show Parameter Settings in Synthesis Report" option in "Analysis and Synthesis Settings -> More Settings" to "Off".


+----------------------------------------------------------------------------------+
; Parameter Settings for User Entity Instance: multiplier:clk_mult|CRA:ROWS[7].row ;
+----------------+-------+---------------------------------------------------------+
; Parameter Name ; Value ; Type                                                    ;
+----------------+-------+---------------------------------------------------------+
; N              ; 8     ; Signed Integer                                          ;
+----------------+-------+---------------------------------------------------------+
Note: In order to hide this table in the UI and the text report file, please set the "Show Parameter Settings in Synthesis Report" option in "Analysis and Synthesis Settings -> More Settings" to "Off".


+-----------------------------------------------------------------+
; Port Connectivity Checks: "multiplier:clk_mult|CRA:ROWS[7].row" ;
+------+-------+----------+---------------------------------------+
; Port ; Type  ; Severity ; Details                               ;
+------+-------+----------+---------------------------------------+
; cin  ; Input ; Info     ; Stuck at GND                          ;
+------+-------+----------+---------------------------------------+


+-----------------------------------------------------------------+
; Port Connectivity Checks: "multiplier:clk_mult|CRA:ROWS[6].row" ;
+------+-------+----------+---------------------------------------+
; Port ; Type  ; Severity ; Details                               ;
+------+-------+----------+---------------------------------------+
; cin  ; Input ; Info     ; Stuck at GND                          ;
+------+-------+----------+---------------------------------------+


+-----------------------------------------------------------------+
; Port Connectivity Checks: "multiplier:clk_mult|CRA:ROWS[5].row" ;
+------+-------+----------+---------------------------------------+
; Port ; Type  ; Severity ; Details                               ;
+------+-------+----------+---------------------------------------+
; cin  ; Input ; Info     ; Stuck at GND                          ;
+------+-------+----------+---------------------------------------+


+-----------------------------------------------------------------+
; Port Connectivity Checks: "multiplier:clk_mult|CRA:ROWS[4].row" ;
+------+-------+----------+---------------------------------------+
; Port ; Type  ; Severity ; Details                               ;
+------+-------+----------+---------------------------------------+
; cin  ; Input ; Info     ; Stuck at GND                          ;
+------+-------+----------+---------------------------------------+


+-----------------------------------------------------------------+
; Port Connectivity Checks: "multiplier:clk_mult|CRA:ROWS[3].row" ;
+------+-------+----------+---------------------------------------+
; Port ; Type  ; Severity ; Details                               ;
+------+-------+----------+---------------------------------------+
; cin  ; Input ; Info     ; Stuck at GND                          ;
+------+-------+----------+---------------------------------------+


+-----------------------------------------------------------------+
; Port Connectivity Checks: "multiplier:clk_mult|CRA:ROWS[2].row" ;
+------+-------+----------+---------------------------------------+
; Port ; Type  ; Severity ; Details                               ;
+------+-------+----------+---------------------------------------+
; cin  ; Input ; Info     ; Stuck at GND                          ;
+------+-------+----------+---------------------------------------+


+-----------------------------------------------------------------+
; Port Connectivity Checks: "multiplier:clk_mult|CRA:ROWS[1].row" ;
+------+-------+----------+---------------------------------------+
; Port ; Type  ; Severity ; Details                               ;
+------+-------+----------+---------------------------------------+
; cin  ; Input ; Info     ; Stuck at GND                          ;
+------+-------+----------+---------------------------------------+


+-----------------------------------------------------------------+
; Port Connectivity Checks: "multiplier:clk_mult|CRA:ROWS[0].row" ;
+--------+-------+----------+-------------------------------------+
; Port   ; Type  ; Severity ; Details                             ;
+--------+-------+----------+-------------------------------------+
; sum_ab ; Input ; Info     ; Stuck at GND                        ;
; cin    ; Input ; Info     ; Stuck at GND                        ;
+--------+-------+----------+-------------------------------------+


+-----------------------------------------------------+
; Post-Synthesis Netlist Statistics for Top Partition ;
+-----------------------+-----------------------------+
; Type                  ; Count                       ;
+-----------------------+-----------------------------+
; arriav_ff             ; 32                          ;
;     SCLR              ; 32                          ;
; arriav_lcell_comb     ; 139                         ;
;     extend            ; 1                           ;
;         7 data inputs ; 1                           ;
;     normal            ; 138                         ;
;         2 data inputs ; 41                          ;
;         3 data inputs ; 16                          ;
;         4 data inputs ; 9                           ;
;         5 data inputs ; 25                          ;
;         6 data inputs ; 47                          ;
; boundary_port         ; 34                          ;
;                       ;                             ;
; Max LUT depth         ; 10.00                       ;
; Average LUT depth     ; 6.99                        ;
+-----------------------+-----------------------------+


+-------------------------------+
; Elapsed Time Per Partition    ;
+----------------+--------------+
; Partition Name ; Elapsed Time ;
+----------------+--------------+
; Top            ; 00:00:01     ;
+----------------+--------------+


+-------------------------------+
; Analysis & Synthesis Messages ;
+-------------------------------+
Info: *******************************************************************
Info: Running Quartus Prime Analysis & Synthesis
    Info: Version 20.1.0 Build 711 06/05/2020 SJ Lite Edition
    Info: Processing started: Sun Jan 11 08:45:02 2026
Info: Command: quartus_map --read_settings_files=on --write_settings_files=off multiplier -c multiplier
Warning (18236): Number of processors has not been specified which may cause overloading on shared machines.  Set the global assignment NUM_PARALLEL_PROCESSORS in your QSF to an appropriate value for best performance.
Info (20030): Parallel compilation is enabled and will use 2 of the 2 processors detected
Info (12021): Found 1 design units, including 1 entities, in source file cra.sv
    Info (12023): Found entity 1: CRA File: C:/Users/Public/XCELLERIUM/VECTOR MULTIPLIER/CRA.sv Line: 1
Info (12021): Found 1 design units, including 1 entities, in source file fa.sv
    Info (12023): Found entity 1: FA File: C:/Users/Public/XCELLERIUM/VECTOR MULTIPLIER/FA.sv Line: 1
Info (12021): Found 1 design units, including 1 entities, in source file multiplier.sv
    Info (12023): Found entity 1: multiplier File: C:/Users/Public/XCELLERIUM/VECTOR MULTIPLIER/multiplier.sv Line: 1
Info (12021): Found 1 design units, including 1 entities, in source file multiplier_tb.sv
    Info (12023): Found entity 1: multiplier_tb File: C:/Users/Public/XCELLERIUM/VECTOR MULTIPLIER/multiplier_tb.sv Line: 3
Info (12021): Found 1 design units, including 1 entities, in source file clk_mult.sv
    Info (12023): Found entity 1: clk_mult File: C:/Users/Public/XCELLERIUM/VECTOR MULTIPLIER/clk_mult.sv Line: 1
Info (12021): Found 1 design units, including 1 entities, in source file clk_mult_tb.sv
    Info (12023): Found entity 1: clk_mult_tb File: C:/Users/Public/XCELLERIUM/VECTOR MULTIPLIER/clk_mult_tb.sv Line: 3
Info (12127): Elaborating entity "clk_mult" for the top level hierarchy
Info (12128): Elaborating entity "multiplier" for hierarchy "multiplier:clk_mult" File: C:/Users/Public/XCELLERIUM/VECTOR MULTIPLIER/clk_mult.sv Line: 19
Info (12128): Elaborating entity "CRA" for hierarchy "multiplier:clk_mult|CRA:ROWS[0].row" File: C:/Users/Public/XCELLERIUM/VECTOR MULTIPLIER/multiplier.sv Line: 25
Info (12128): Elaborating entity "FA" for hierarchy "multiplier:clk_mult|CRA:ROWS[0].row|FA:FA_ROW[0].fa" File: C:/Users/Public/XCELLERIUM/VECTOR MULTIPLIER/CRA.sv Line: 26
Info (286030): Timing-Driven Synthesis is running
Info (16010): Generating hard_block partition "hard_block:auto_generated_inst"
    Info (16011): Adding 0 node(s), including 0 DDIO, 0 PLL, 0 transceiver and 0 LCELL
Info (21057): Implemented 189 device resources after synthesis - the final resource count might be different
    Info (21058): Implemented 18 input pins
    Info (21059): Implemented 16 output pins
    Info (21061): Implemented 155 logic cells
Info: Quartus Prime Analysis & Synthesis was successful. 0 errors, 1 warning
    Info: Peak virtual memory: 4810 megabytes
    Info: Processing ended: Sun Jan 11 08:45:17 2026
    Info: Elapsed time: 00:00:15
    Info: Total CPU time (on all processors): 00:00:27


